Time: [0:00:08.219603] Step 0, Epoch 0, Cost [4.283181], Acc [0.015625]
.........................................................
Time:[0:03:59.862912] Test with Epoch 0, Loss 3.32949233055, Acc-1 0.1740625, Acc-5 0.41

Time: [0:04:11.082983] Step 0, Epoch 1, Cost [3.2756023], Acc [0.203125]
.........................................................
Time:[0:07:47.960886] Test with Epoch 1, Loss 2.71527882576, Acc-1 0.3140625, Acc-5 0.58875

Time: [0:07:59.550826] Step 0, Epoch 2, Cost [2.6516664], Acc [0.34375]
.........................................................
Time:[0:11:31.762232] Test with Epoch 2, Loss 2.18405702591, Acc-1 0.439375, Acc-5 0.7165625

Time: [0:11:44.221621] Step 0, Epoch 3, Cost [2.1205], Acc [0.53125]
.........................................................
Time:[0:15:25.725416] Test with Epoch 3, Loss 1.87430942059, Acc-1 0.533125, Acc-5 0.7725

Time: [0:15:37.502609] Step 0, Epoch 4, Cost [1.3745648], Acc [0.6171875]
.........................................................
Time:[0:19:53.816855] Test with Epoch 4, Loss 1.70782310009, Acc-1 0.5996875, Acc-5 0.8065625

Time: [0:20:09.659771] Step 0, Epoch 5, Cost [1.1756127], Acc [0.71875]
.........................................................
Time:[0:24:29.555624] Test with Epoch 5, Loss 1.57992071629, Acc-1 0.62625, Acc-5 0.8334375

Time: [0:24:44.808307] Step 0, Epoch 6, Cost [1.1437954], Acc [0.734375]
.........................................................
Time:[0:28:29.754786] Test with Epoch 6, Loss 1.51887886047, Acc-1 0.6521875, Acc-5 0.839375

Time: [0:28:45.354805] Step 0, Epoch 7, Cost [0.79961514], Acc [0.765625]
.........................................................
Time:[0:32:14.298187] Test with Epoch 7, Loss 1.572659235, Acc-1 0.6428125, Acc-5 0.8434375

Time: [0:32:28.569699] Step 0, Epoch 8, Cost [0.7748202], Acc [0.78125]
.........................................................
Time:[0:36:25.070505] Test with Epoch 8, Loss 1.49909294128, Acc-1 0.6825, Acc-5 0.8509375

Time: [0:36:39.803246] Step 0, Epoch 9, Cost [0.43262646], Acc [0.8984375]
.........................................................
Time:[0:40:34.177868] Test with Epoch 9, Loss 1.48177501202, Acc-1 0.695625, Acc-5 0.8734375

Time: [0:40:48.043862] Step 0, Epoch 10, Cost [0.24501708], Acc [0.9296875]
.........................................................
Time:[0:44:30.299417] Test with Epoch 10, Loss 1.63104844093, Acc-1 0.685625, Acc-5 0.8671875

Time: [0:44:40.800826] Step 0, Epoch 11, Cost [0.27177292], Acc [0.9375]
.........................................................
Time:[0:48:04.237799] Test with Epoch 11, Loss 1.5704688406, Acc-1 0.7075, Acc-5 0.8646875

Time: [0:48:14.547923] Step 0, Epoch 12, Cost [0.15223591], Acc [0.9375]
.........................................................
Time:[0:51:38.542517] Test with Epoch 12, Loss 1.85039520741, Acc-1 0.68875, Acc-5 0.8590625

Time: [0:51:48.388940] Step 0, Epoch 13, Cost [0.2201321], Acc [0.9296875]
.........................................................
Time:[0:55:14.287887] Test with Epoch 13, Loss 1.78318224907, Acc-1 0.7071875, Acc-5 0.8678125

Time: [0:55:24.226497] Step 0, Epoch 14, Cost [0.11213331], Acc [0.953125]
.........................................................
Time:[0:58:49.747732] Test with Epoch 14, Loss 2.19109936714, Acc-1 0.691875, Acc-5 0.864375

Time: [0:58:59.777764] Step 0, Epoch 15, Cost [0.2768329], Acc [0.9296875]
.........................................................
Time:[1:02:24.162889] Test with Epoch 15, Loss 2.10177521706, Acc-1 0.6921875, Acc-5 0.8615625

Time: [1:02:36.256276] Step 0, Epoch 16, Cost [0.17272675], Acc [0.953125]
.........................................................
Time:[1:06:04.482904] Test with Epoch 16, Loss 2.00206444263, Acc-1 0.7103125, Acc-5 0.8640625

Time: [1:06:14.357439] Step 0, Epoch 17, Cost [0.08124981], Acc [0.984375]
.........................................................
Time:[1:09:38.662431] Test with Epoch 17, Loss 2.10006085873, Acc-1 0.710625, Acc-5 0.8675

Time: [1:09:48.581259] Step 0, Epoch 18, Cost [0.04299469], Acc [0.984375]
.........................................................
Time:[1:13:23.725672] Test with Epoch 18, Loss 2.12378056049, Acc-1 0.713125, Acc-5 0.8775

Time: [1:13:34.386608] Step 0, Epoch 19, Cost [0.10977234], Acc [0.9453125]
.........................................................
Time:[1:17:00.921962] Test with Epoch 19, Loss 2.24527046204, Acc-1 0.7103125, Acc-5 0.866875

Time: [1:17:10.692777] Step 0, Epoch 20, Cost [0.06620906], Acc [0.96875]
.........................................................
Time:[1:20:37.557863] Test with Epoch 20, Loss 2.06349045277, Acc-1 0.715625, Acc-5 0.86875

Time: [1:20:47.399812] Step 0, Epoch 21, Cost [0.01347761], Acc [1.]
.........................................................
Time:[1:24:20.818952] Test with Epoch 21, Loss 2.28912549019, Acc-1 0.6965625, Acc-5 0.86125

Time: [1:24:30.884070] Step 0, Epoch 22, Cost [0.29341304], Acc [0.9296875]
.........................................................
Time:[1:28:56.227065] Test with Epoch 22, Loss 2.16167273998, Acc-1 0.725625, Acc-5 0.875

Time: [1:29:08.537036] Step 0, Epoch 23, Cost [0.07176361], Acc [0.96875]
.........................................................
Time:[1:32:50.223706] Test with Epoch 23, Loss 1.99705666065, Acc-1 0.736875, Acc-5 0.881875

Time: [1:33:03.174862] Step 0, Epoch 24, Cost [0.04279956], Acc [0.984375]
.........................................................
Time:[1:36:48.654431] Test with Epoch 24, Loss 1.91709562778, Acc-1 0.735625, Acc-5 0.8825

Time: [1:37:04.315594] Step 0, Epoch 25, Cost [0.03996935], Acc [0.9921875]
.........................................................
Time:[1:40:45.681551] Test with Epoch 25, Loss 2.16450641632, Acc-1 0.729375, Acc-5 0.8765625

Time: [1:40:58.342237] Step 0, Epoch 26, Cost [0.03921126], Acc [0.984375]
.........................................................
Time:[1:44:33.756038] Test with Epoch 26, Loss 2.0564163208, Acc-1 0.7484375, Acc-5 0.8828125

Time: [1:44:45.044569] Step 0, Epoch 27, Cost [0.00807067], Acc [1.]
.........................................................
Time:[1:48:12.860690] Test with Epoch 27, Loss 2.12108213425, Acc-1 0.749375, Acc-5 0.885

Time: [1:48:22.660240] Step 0, Epoch 28, Cost [0.00782564], Acc [1.]
.........................................................
Time:[1:51:49.450959] Test with Epoch 28, Loss 2.1081815958, Acc-1 0.7534375, Acc-5 0.893125

Time: [1:51:59.293863] Step 0, Epoch 29, Cost [0.01119824], Acc [1.]
.........................................................
Time:[1:55:35.285810] Test with Epoch 29, Loss 2.29792740822, Acc-1 0.7421875, Acc-5 0.8846875

Time: [1:55:45.818104] Step 0, Epoch 30, Cost [0.01363186], Acc [0.9921875]
.........................................................
Time:[1:59:12.021823] Test with Epoch 30, Loss 2.28461648464, Acc-1 0.74875, Acc-5 0.8896875

Time: [1:59:21.843155] Step 0, Epoch 31, Cost [0.00280946], Acc [1.]
.........................................................
Time:[2:02:48.798343] Test with Epoch 31, Loss 2.57137850761, Acc-1 0.72125, Acc-5 0.8721875

Time: [2:02:59.558106] Step 0, Epoch 32, Cost [0.00955022], Acc [1.]
.........................................................
Time:[2:06:28.368386] Test with Epoch 32, Loss 2.14086301327, Acc-1 0.7303125, Acc-5 0.8765625

Time: [2:06:38.783492] Step 0, Epoch 33, Cost [0.07012551], Acc [0.96875]
.........................................................
Time:[2:10:03.340476] Test with Epoch 33, Loss 2.17151698112, Acc-1 0.715, Acc-5 0.8690625

Time: [2:10:13.202928] Step 0, Epoch 34, Cost [0.05983315], Acc [0.9921875]
.........................................................
Time:[2:13:43.205362] Test with Epoch 34, Loss 2.10615121365, Acc-1 0.7290625, Acc-5 0.8834375

Time: [2:13:53.127902] Step 0, Epoch 35, Cost [0.0228721], Acc [1.]
.........................................................
Time:[2:17:29.513628] Test with Epoch 35, Loss 2.16947180271, Acc-1 0.7325, Acc-5 0.8828125

Time: [2:17:39.922645] Step 0, Epoch 36, Cost [0.10287041], Acc [0.984375]
Output
.........................................................
Time:[2:21:07.055399] Test with Epoch 36, Loss 2.20916625977, Acc-1 0.729375, Acc-5 0.8859375

Time: [2:21:17.488166] Step 0, Epoch 37, Cost [0.03945763], Acc [0.9921875]
.........................................................
Time:[2:24:47.630061] Test with Epoch 37, Loss 2.10598936081, Acc-1 0.75, Acc-5 0.8890625

Time: [2:24:57.400661] Step 0, Epoch 38, Cost [0.00532821], Acc [1.]
.........................................................
Time:[2:28:26.804766] Test with Epoch 38, Loss 2.13465001106, Acc-1 0.74375, Acc-5 0.8825

Time: [2:28:36.664393] Step 0, Epoch 39, Cost [0.04886445], Acc [0.984375]
.........................................................
Time:[2:32:11.226650] Test with Epoch 39, Loss 2.3383840704, Acc-1 0.7284375, Acc-5 0.87375

Time: [2:32:21.290666] Step 0, Epoch 40, Cost [0.05901314], Acc [0.984375]
.........................................................
Time:[2:35:48.200481] Test with Epoch 40, Loss 2.22335742474, Acc-1 0.7390625, Acc-5 0.87375

Time: [2:35:58.012195] Step 0, Epoch 41, Cost [0.01364087], Acc [1.]
.........................................................
Time:[2:39:25.524707] Test with Epoch 41, Loss 2.28783115387, Acc-1 0.7278125, Acc-5 0.8765625

Time: [2:39:35.402596] Step 0, Epoch 42, Cost [0.04921406], Acc [0.984375]
.........................................................
Time:[2:43:05.154246] Test with Epoch 42, Loss 2.40561814308, Acc-1 0.7084375, Acc-5 0.8709375

Time: [2:43:15.531790] Step 0, Epoch 43, Cost [0.10332344], Acc [0.9765625]
.........................................................
Time:[2:46:42.862854] Test with Epoch 43, Loss 2.39305705547, Acc-1 0.73375, Acc-5 0.8821875

Time: [2:46:52.814414] Step 0, Epoch 44, Cost [0.01515208], Acc [0.9921875]
.........................................................
Time:[2:50:33.177497] Test with Epoch 44, Loss 2.498608675, Acc-1 0.729375, Acc-5 0.878125

Time: [2:50:46.948612] Step 0, Epoch 45, Cost [0.02942654], Acc [0.9921875]
.........................................................
Time:[2:54:44.094376] Test with Epoch 45, Loss 2.08787854195, Acc-1 0.7415625, Acc-5 0.8890625

Time: [2:55:15.488351] Step 0, Epoch 46, Cost [0.02466192], Acc [0.984375]
.........................................................
Time:[2:59:08.502506] Test with Epoch 46, Loss 2.48446548462, Acc-1 0.7171875, Acc-5 0.8740625

Time: [2:59:18.582579] Step 0, Epoch 47, Cost [0.0548055], Acc [0.984375]
...................................................
Time:[3:02:43.554943] Test with Epoch 47, Loss 2.47013742447, Acc-1 0.7328125, Acc-5 0.88375

Time: [3:02:54.134800] Step 0, Epoch 48, Cost [0.01219964], Acc [1.]
.........................................................
Time:[3:06:36.640414] Test with Epoch 48, Loss 2.10497972012, Acc-1 0.7490625, Acc-5 0.8884375

Time: [3:06:49.147553] Step 0, Epoch 49, Cost [0.08279517], Acc [0.984375]
.........................................................
Time:[3:10:38.843048] Test with Epoch 49, Loss 2.35242022991, Acc-1 0.7509375, Acc-5 0.8821875

Time: [3:10:53.382013] Step 0, Epoch 50, Cost [0.03416147], Acc [0.9921875]
.........................................................
Time:[3:14:24.847416] Test with Epoch 50, Loss 2.36039178371, Acc-1 0.7303125, Acc-5 0.885

Time: [3:14:34.681248] Step 0, Epoch 51, Cost [0.01221442], Acc [0.9921875]
.........................................................
Time:[3:18:02.561265] Test with Epoch 51, Loss 2.32440571308, Acc-1 0.73625, Acc-5 0.89125

Time: [3:18:14.399437] Step 0, Epoch 52, Cost [0.0072992], Acc [1.]
.........................................................
Time:[3:21:45.226570] Test with Epoch 52, Loss 2.44139323711, Acc-1 0.725, Acc-5 0.8790625

