train finished
test finished

Pass 0, EPoch 0, Cost 6.615746, Acc 0.000000
.........................................
Test with Pass 0, Loss 2.831556, Acc1 0.308160,Acc5 0.572049

Pass 0, EPoch 1, Cost 2.323240, Acc 0.421875
.........................................
Test with Pass 1, Loss 2.147871, Acc1 0.489583,Acc5 0.717448

Pass 0, EPoch 2, Cost 1.624875, Acc 0.578125
.........................................
Test with Pass 2, Loss 1.824385, Acc1 0.578125,Acc5 0.779514

Pass 0, EPoch 3, Cost 1.050005, Acc 0.726562
.........................................
Test with Pass 3, Loss 1.684200, Acc1 0.605903,Acc5 0.820312

Pass 0, EPoch 4, Cost 0.722777, Acc 0.828125
.........................................
Test with Pass 4, Loss 1.707340, Acc1 0.610243,Acc5 0.820747

Pass 0, EPoch 5, Cost 0.511751, Acc 0.875000
.........................................
Test with Pass 5, Loss 1.693454, Acc1 0.625000,Acc5 0.828559

Pass 0, EPoch 6, Cost 0.256999, Acc 0.945312
.........................................
Test with Pass 6, Loss 1.873306, Acc1 0.608941,Acc5 0.832031

Pass 0, EPoch 7, Cost 0.213437, Acc 0.921875
.........................................
Test with Pass 7, Loss 1.699292, Acc1 0.657986,Acc5 0.851128

Pass 0, EPoch 8, Cost 0.199929, Acc 0.937500
.........................................
Test with Pass 8, Loss 1.755976, Acc1 0.654948,Acc5 0.849826

Pass 0, EPoch 9, Cost 0.130070, Acc 0.968750
.........................................
Test with Pass 9, Loss 1.672776, Acc1 0.684462,Acc5 0.852431

Pass 0, EPoch 10, Cost 0.064223, Acc 0.968750
.........................................
Test with Pass 10, Loss 1.953806, Acc1 0.665799,Acc5 0.833333

Pass 0, EPoch 11, Cost 0.273159, Acc 0.914062
.........................................
Test with Pass 11, Loss 1.883736, Acc1 0.668837,Acc5 0.846354

Pass 0, EPoch 12, Cost 0.132589, Acc 0.953125
.........................................
Test with Pass 12, Loss 1.862063, Acc1 0.667535,Acc5 0.843750

Pass 0, EPoch 13, Cost 0.081649, Acc 0.976562
.........................................
Test with Pass 13, Loss 1.729814, Acc1 0.696181,Acc5 0.864583

Pass 0, EPoch 14, Cost 0.018864, Acc 1.000000
.........................................
Test with Pass 14, Loss 1.706896, Acc1 0.701823,Acc5 0.859375

Pass 0, EPoch 15, Cost 0.049211, Acc 0.992188
.........................................
Test with Pass 15, Loss 1.580473, Acc1 0.729167,Acc5 0.870226

Pass 0, EPoch 16, Cost 0.002811, Acc 1.000000
.........................................
Test with Pass 16, Loss 1.617719, Acc1 0.720920,Acc5 0.871528

Pass 0, EPoch 17, Cost 0.015792, Acc 0.992188
.........................................
Test with Pass 17, Loss 1.594539, Acc1 0.729601,Acc5 0.872830

Pass 0, EPoch 18, Cost 0.010243, Acc 1.000000
.........................................
Test with Pass 18, Loss 1.599803, Acc1 0.730903,Acc5 0.870660

Pass 0, EPoch 19, Cost 0.004723, Acc 1.000000
.........................................
Test with Pass 19, Loss 1.584137, Acc1 0.731771,Acc5 0.872396
[Finished in 4385.2s]